[+] Containers:
 |- [+] Container: /Game/Street/L_Road
 |   |- [+] ActorDescs:
 |   |   |- Guid:25C0A0A64DDAC4AC913CDDA6D7058D57 NativeClass:/Script/Engine.StaticMeshActor Name:StaticMeshActor_UAID_0250F3F6CAD47FEC02_1866862066 Label:SM_Street SpatiallyLoaded:true EditorBounds:IsValid=true, Min=(X=-3000.000 Y=-75.000 Z=-0.000), Max=(X=3000.000 Y=75.000 Z=0.000) RuntimeBounds:IsValid=true, Min=(X=-3000.000 Y=-75.000 Z=-0.000), Max=(X=3000.000 Y=75.000 Z=0.000) RuntimeGrid:None EditorOnly:false RuntimeOnly:false HLODRelevant:true ListedInSceneOutliner:true IsMainWorldOnly:false
 |   |   |- Guid:4A4BFF374C2C54C6DFF0829A9E90EAC6 NativeClass:/Script/Engine.WorldDataLayers Name:WorldDataLayers Label:WorldDataLayers SpatiallyLoaded:false EditorBounds:IsValid=false, Min=(X=0.000 Y=0.000 Z=0.000), Max=(X=0.000 Y=0.000 Z=0.000) RuntimeBounds:IsValid=false, Min=(X=0.000 Y=0.000 Z=0.000), Max=(X=0.000 Y=0.000 Z=0.000) RuntimeGrid:None EditorOnly:false RuntimeOnly:false HLODRelevant:false ListedInSceneOutliner:true IsMainWorldOnly:true
 |   |   |- Guid:4C3BE08A4D98D3332CD68CA194AC0717 NativeClass:/Script/Engine.DirectionalLight Name:DirectionalLight_UAID_0250F3F6CAD47DEC02_1565614712 Label:DirectionalLight SpatiallyLoaded:false EditorBounds:IsValid=false, Min=(X=0.000 Y=0.000 Z=0.000), Max=(X=0.000 Y=0.000 Z=0.000) RuntimeBounds:IsValid=false, Min=(X=0.000 Y=0.000 Z=0.000), Max=(X=0.000 Y=0.000 Z=0.000) RuntimeGrid:None EditorOnly:false RuntimeOnly:false HLODRelevant:false ListedInSceneOutliner:true IsMainWorldOnly:false
 |   |   |- Guid:A33D88C74FEC7B05674231BC5674C915 NativeClass:/Script/Engine.PlayerStart Name:PlayerStart_UAID_0250F3F6CAD481EC02_1735348419 Label:PlayerStart SpatiallyLoaded:false EditorBounds:IsValid=true, Min=(X=1852.000 Y=-128.000 Z=2.000), Max=(X=2220.000 Y=128.000 Z=258.000) RuntimeBounds:IsValid=true, Min=(X=1940.000 Y=-40.000 Z=38.000), Max=(X=2020.000 Y=40.000 Z=222.000) RuntimeGrid:None EditorOnly:false RuntimeOnly:false HLODRelevant:false ListedInSceneOutliner:true IsMainWorldOnly:false
 |   |- [+] Clusters:
 |   |   |- [+] [  0]
 |   |   |   |- Guid:25C0A0A64DDAC4AC913CDDA6D7058D57 NativeClass:/Script/Engine.StaticMeshActor Name:StaticMeshActor_UAID_0250F3F6CAD47FEC02_1866862066 Label:SM_Street SpatiallyLoaded:true EditorBounds:IsValid=true, Min=(X=-3000.000 Y=-75.000 Z=-0.000), Max=(X=3000.000 Y=75.000 Z=0.000) RuntimeBounds:IsValid=true, Min=(X=-3000.000 Y=-75.000 Z=-0.000), Max=(X=3000.000 Y=75.000 Z=0.000) RuntimeGrid:None EditorOnly:false RuntimeOnly:false HLODRelevant:true ListedInSceneOutliner:true IsMainWorldOnly:false
 |   |   |- [+] [  1]
 |   |   |   |- Guid:4A4BFF374C2C54C6DFF0829A9E90EAC6 NativeClass:/Script/Engine.WorldDataLayers Name:WorldDataLayers Label:WorldDataLayers SpatiallyLoaded:false EditorBounds:IsValid=false, Min=(X=0.000 Y=0.000 Z=0.000), Max=(X=0.000 Y=0.000 Z=0.000) RuntimeBounds:IsValid=false, Min=(X=0.000 Y=0.000 Z=0.000), Max=(X=0.000 Y=0.000 Z=0.000) RuntimeGrid:None EditorOnly:false RuntimeOnly:false HLODRelevant:false ListedInSceneOutliner:true IsMainWorldOnly:true
 |   |   |- [+] [  2]
 |   |   |   |- Guid:4C3BE08A4D98D3332CD68CA194AC0717 NativeClass:/Script/Engine.DirectionalLight Name:DirectionalLight_UAID_0250F3F6CAD47DEC02_1565614712 Label:DirectionalLight SpatiallyLoaded:false EditorBounds:IsValid=false, Min=(X=0.000 Y=0.000 Z=0.000), Max=(X=0.000 Y=0.000 Z=0.000) RuntimeBounds:IsValid=false, Min=(X=0.000 Y=0.000 Z=0.000), Max=(X=0.000 Y=0.000 Z=0.000) RuntimeGrid:None EditorOnly:false RuntimeOnly:false HLODRelevant:false ListedInSceneOutliner:true IsMainWorldOnly:false
 |   |   |- [+] [  3]
 |   |   |   |- Guid:A33D88C74FEC7B05674231BC5674C915 NativeClass:/Script/Engine.PlayerStart Name:PlayerStart_UAID_0250F3F6CAD481EC02_1735348419 Label:PlayerStart SpatiallyLoaded:false EditorBounds:IsValid=true, Min=(X=1852.000 Y=-128.000 Z=2.000), Max=(X=2220.000 Y=128.000 Z=258.000) RuntimeBounds:IsValid=true, Min=(X=1940.000 Y=-40.000 Z=38.000), Max=(X=2020.000 Y=40.000 Z=222.000) RuntimeGrid:None EditorOnly:false RuntimeOnly:false HLODRelevant:false ListedInSceneOutliner:true IsMainWorldOnly:false
 |- ContainerInstances:
 |- [+] MainContainer:
 |   |-        ID: 00000000000000000000000000000000
 |   |-  ParentID: 00000000000000000000000000000000
 |   |-    Bounds: IsValid=true, Min=(X=-3000.000 Y=-75.000 Z=-0.000), Max=(X=3000.000 Y=75.000 Z=0.000)
 |   |- Transform: 0.000000,0.000000,0.000000|0.000000,0.000000,-0.000000|1.000000,1.000000,1.000000
 |   |- Container: /Game/Street/L_Road
----------------------------------------------------------------------------------------------------------------
L_Road - Persistent Level
----------------------------------------------------------------------------------------------------------------
[+] Content of L_Road Persistent Level
 |- Always loaded Actor Count: 3 
 |- Actor Path: /Game/Street/L_Road.L_Road:PersistentLevel.DirectionalLight_UAID_0250F3F6CAD47DEC02_1565614712
 |- Actor Package: /Game/__ExternalActors__/Street/L_Road/0/EM/7TWEPNX8CRDQ3RXQS92RXV
 |- Actor Path: /Game/Street/L_Road.L_Road:PersistentLevel.PlayerStart_UAID_0250F3F6CAD481EC02_1735348419
 |- Actor Package: /Game/__ExternalActors__/Street/L_Road/2/0Q/C8FRRCUJEMMJ5ZV5TR131I
 |- Actor Path: /Game/Street/L_Road.L_Road:PersistentLevel.WorldDataLayers
 |- Actor Package: /Game/__ExternalActors__/Street/L_Road/5/V2/PEQNVN2RRETLAWN4OLHEVC

----------------------------------------------------------------------------------------------------------------
L_Road - Runtime Hash Set
----------------------------------------------------------------------------------------------------------------
[+] Content of Cell L_Road_MainPartition_L0_X0_Y0 (3MR7IYPOJWZN6D64MRSEVOW30)
 |- Actor Count: 1
 |- Content Bounds: IsValid=true, Min=(X=0.000 Y=0.000 Z=-0.000), Max=(X=3000.000 Y=75.000 Z=0.000)
 |- Cell Bounds: IsValid=true, Min=(X=0.000 Y=0.000 Z=0.000), Max=(X=12800.000 Y=12800.000 Z=0.000)
 |- Is 2D: True
 |- [+] /Game/Street/L_Road.L_Road:PersistentLevel.StaticMeshActor_UAID_0250F3F6CAD47FEC02_1866862066
 |   |-         Package: /Game/__ExternalActors__/Street/L_Road/3/D7/XCSFT5MADWSMLWP4QN989Y
 |   |-     Editor Only: 0
 |   |-   Instance Guid: 25C0A0A64DDAC4AC913CDDA6D7058D57
 |   |- [+] Container:
 |   |   |-        ID: 00000000000000000000000000000000
 |   |   |- Transform: 0.000000,0.000000,0.000000|0.000000,0.000000,-0.000000|1.000000,1.000000,1.000000

